N E X T F L O W  ~  version 0.22.3
Launching `/home/centos/vault/CAW.nf` [grave_turing] - revision: e1cce79116
Folder Preprocessing created
Folder Preprocessing/NonRecalibrated created
Folder Preprocessing/Recalibrated created
[warm up] executor > slurm
WARN: Duplicate output channel name: 'tcga.cl' in the script context -- it's worth to rename it to avoid possible conflicts
[cc/9ed11e] Submitted process > Mapping (tcga.cl.tumor_1)
[8e/d35127] Submitted process > Mapping (tcga.cl.normal_1)
[18/827c1f] Submitted process > Mapping (tcga.cl.tumor_2)
[1e/d6701c] Submitted process > RenameSingleBam (tcga.cl.normal__0)
[62/02ed79] Submitted process > MergeBam (tcga.cl.tumor__1)
[e1/403d59] Submitted process > MarkDuplicates (tcga.cl.normal__0)
[eb/c4ea40] Submitted process > MarkDuplicates (tcga.cl.tumor__1)
[89/010631] Submitted process > CreateIntervals (tcga.cl)
[0d/dd82ea] Submitted process > Realign (tcga.cl)
[80/680b25] Submitted process > CreateRecalibrationTable (tcga.cl.normal__0)
[69/387bfd] Submitted process > CreateRecalibrationTable (tcga.cl.tumor__1)
[6a/7d7145] Submitted process > RecalibrateBam (tcga.cl.normal__0)
[50/ed72e5] Submitted process > RecalibrateBam (tcga.cl.tumor__1)
CANCER ANALYSIS WORKFLOW ~ v0.8.3
Git info    : null - null [null]
Project     : /home/centos/vault
workDir     : /mnt/projects/CAW/work
Command line: nextflow run /home/centos/vault/CAW.nf -c /home/centos/vault/CAW.config --partition epouta1-mm2 --sample /mnt/projects/CAW/data/tsv/sample.tsv -with-timeline /home/centos/results/CAW/timeline/epouta1-mm2.html
Completed at: Tue Oct 25 14:24:41 CEST 2016
Duration    : 17m 28s
Success     : true
Exit status : 0
Error report: -
