N E X T F L O W  ~  version 0.22.3
Launching `/home/centos/vault/CAW.nf` [prickly_bassi] - revision: e1cce79116
Folder Preprocessing created
Folder Preprocessing/NonRecalibrated created
Folder Preprocessing/Recalibrated created
[warm up] executor > slurm
WARN: Duplicate output channel name: 'tcga.cl' in the script context -- it's worth to rename it to avoid possible conflicts
[2b/bb78e5] Submitted process > Mapping (tcga.cl.normal_1)
[84/836570] Submitted process > Mapping (tcga.cl.tumor_1)
[4b/a5fbef] Submitted process > Mapping (tcga.cl.tumor_2)
[91/f0049b] Submitted process > RenameSingleBam (tcga.cl.normal__0)
[0e/1eddb3] Submitted process > MergeBam (tcga.cl.tumor__1)
[81/7c2875] Submitted process > MarkDuplicates (tcga.cl.normal__0)
[21/3c35cc] Submitted process > MarkDuplicates (tcga.cl.tumor__1)
[bc/34b5ab] Submitted process > CreateIntervals (tcga.cl)
[f7/8bba01] Submitted process > Realign (tcga.cl)
[ae/1df182] Submitted process > CreateRecalibrationTable (tcga.cl.tumor__1)
[e5/cc48f6] Submitted process > CreateRecalibrationTable (tcga.cl.normal__0)
[be/ccc527] Submitted process > RecalibrateBam (tcga.cl.tumor__1)
[12/686af4] Submitted process > RecalibrateBam (tcga.cl.normal__0)
CANCER ANALYSIS WORKFLOW ~ v0.8.3
Git info    : null - null [null]
Project     : /home/centos/vault
workDir     : /mnt/projects/CAW/work
Command line: nextflow run /home/centos/vault/CAW.nf -c /home/centos/vault/CAW.config --partition mm --sample /mnt/projects/CAW/data/tsv/sample.tsv -with-timeline /home/centos/results/CAW/timeline/mm.html
Completed at: Tue Oct 25 17:03:46 CEST 2016
Duration    : 23m 58s
Success     : true
Exit status : 0
Error report: -
